<?xml version="1.0" encoding="UTF-8"?>
<testng-results ignored="0" total="6" passed="5" failed="1" skipped="0">
  <reporter-output>
  </reporter-output>
  <suite started-at="2024-05-13T09:32:18 IST" name="Surefire suite" finished-at="2024-05-13T09:33:25 IST" duration-ms="66161">
    <groups>
      <group name="mainTest">
        <method signature="StandAloneTest.runTest(java.lang.String,java.lang.String,java.lang.String)[pri:0, instance:pageFactor.StandAloneTest@313b2ea6]" name="runTest" class="pageFactor.StandAloneTest"/>
      </group> <!-- mainTest -->
    </groups>
    <test started-at="2024-05-13T09:32:18 IST" name="Surefire test" finished-at="2024-05-13T09:33:25 IST" duration-ms="66161">
      <class name="pageFactor.StandAloneTest">
        <test-method signature="runTest(java.lang.String,java.lang.String,java.lang.String)[pri:0, instance:pageFactor.StandAloneTest@313b2ea6]" started-at="2024-05-13T09:33:01 IST" name="runTest" data-provider="getData" finished-at="2024-05-13T09:33:15 IST" duration-ms="14021" status="PASS">
          <params>
            <param index="0">
              <value>
                <![CDATA[gangasm@gmail.com]]>
              </value>
            </param>
            <param index="1">
              <value>
                <![CDATA[Viji@2024]]>
              </value>
            </param>
            <param index="2">
              <value>
                <![CDATA[ZARA COAT 3]]>
              </value>
            </param>
          </params>
          <reporter-output>
          </reporter-output>
        </test-method> <!-- runTest -->
        <test-method signature="runTest(java.lang.String,java.lang.String,java.lang.String)[pri:0, instance:pageFactor.StandAloneTest@313b2ea6]" started-at="2024-05-13T09:33:15 IST" name="runTest" data-provider="getData" finished-at="2024-05-13T09:33:25 IST" duration-ms="9356" status="FAIL">
          <params>
            <param index="0">
              <value>
                <![CDATA[gangasm@gmail.com]]>
              </value>
            </param>
            <param index="1">
              <value>
                <![CDATA[Viji@2024]]>
              </value>
            </param>
            <param index="2">
              <value>
                <![CDATA[IPHONE 13 PRO]]>
              </value>
            </param>
          </params>
          <exception class="java.lang.AssertionError">
            <message>
              <![CDATA[expected [1] but found [2]]]>
            </message>
            <full-stacktrace>
              <![CDATA[java.lang.AssertionError: expected [1] but found [2]
at org.testng.Assert.fail(Assert.java:110)
at org.testng.Assert.failNotEquals(Assert.java:1413)
at org.testng.Assert.assertEqualsImpl(Assert.java:149)
at org.testng.Assert.assertEquals(Assert.java:131)
at org.testng.Assert.assertEquals(Assert.java:911)
at org.testng.Assert.assertEquals(Assert.java:945)
at pageFactor.StandAloneTest.runTest(StandAloneTest.java:70)
at java.base/jdk.internal.reflect.NativeMethodAccessorImpl.invoke0(Native Method)
at java.base/jdk.internal.reflect.NativeMethodAccessorImpl.invoke(NativeMethodAccessorImpl.java:62)
at java.base/jdk.internal.reflect.DelegatingMethodAccessorImpl.invoke(DelegatingMethodAccessorImpl.java:43)
at java.base/java.lang.reflect.Method.invoke(Method.java:566)
at org.testng.internal.invokers.MethodInvocationHelper.invokeMethod(MethodInvocationHelper.java:135)
at org.testng.internal.invokers.TestInvoker.invokeMethod(TestInvoker.java:673)
at org.testng.internal.invokers.TestInvoker.invokeTestMethod(TestInvoker.java:220)
at org.testng.internal.invokers.MethodRunner.runInSequence(MethodRunner.java:50)
at org.testng.internal.invokers.TestInvoker$MethodInvocationAgent.invoke(TestInvoker.java:945)
at org.testng.internal.invokers.TestInvoker.invokeTestMethods(TestInvoker.java:193)
at org.testng.internal.invokers.TestMethodWorker.invokeTestMethods(TestMethodWorker.java:146)
at org.testng.internal.invokers.TestMethodWorker.run(TestMethodWorker.java:128)
at java.base/java.util.ArrayList.forEach(ArrayList.java:1541)
at org.testng.TestRunner.privateRun(TestRunner.java:808)
at org.testng.TestRunner.run(TestRunner.java:603)
at org.testng.SuiteRunner.runTest(SuiteRunner.java:429)
at org.testng.SuiteRunner.runSequentially(SuiteRunner.java:423)
at org.testng.SuiteRunner.privateRun(SuiteRunner.java:383)
at org.testng.SuiteRunner.run(SuiteRunner.java:326)
at org.testng.SuiteRunnerWorker.runSuite(SuiteRunnerWorker.java:52)
at org.testng.SuiteRunnerWorker.run(SuiteRunnerWorker.java:95)
at org.testng.TestNG.runSuitesSequentially(TestNG.java:1249)
at org.testng.TestNG.runSuitesLocally(TestNG.java:1169)
at org.testng.TestNG.runSuites(TestNG.java:1092)
at org.testng.TestNG.run(TestNG.java:1060)
at org.apache.maven.surefire.testng.TestNGExecutor.run(TestNGExecutor.java:135)
at org.apache.maven.surefire.testng.TestNGDirectoryTestSuite.executeMulti(TestNGDirectoryTestSuite.java:193)
at org.apache.maven.surefire.testng.TestNGDirectoryTestSuite.execute(TestNGDirectoryTestSuite.java:94)
at org.apache.maven.surefire.testng.TestNGProvider.invoke(TestNGProvider.java:146)
at org.apache.maven.surefire.booter.ForkedBooter.invokeProviderInSameClassLoader(ForkedBooter.java:384)
at org.apache.maven.surefire.booter.ForkedBooter.runSuitesInProcess(ForkedBooter.java:345)
at org.apache.maven.surefire.booter.ForkedBooter.execute(ForkedBooter.java:126)
at org.apache.maven.surefire.booter.ForkedBooter.main(ForkedBooter.java:418)
]]>
            </full-stacktrace>
          </exception> <!-- java.lang.AssertionError -->
          <reporter-output>
          </reporter-output>
        </test-method> <!-- runTest -->
      </class> <!-- pageFactor.StandAloneTest -->
      <class name="pageFactor.BaseTest">
        <test-method is-config="true" signature="launchApplication()[pri:0, instance:pageFactor.BaseTest@7ee8290b]" started-at="2024-05-13T09:32:18 IST" name="launchApplication" finished-at="2024-05-13T09:32:23 IST" duration-ms="5106" status="PASS">
          <reporter-output>
          </reporter-output>
        </test-method> <!-- launchApplication -->
        <test-method signature="testFail()[pri:0, instance:pageFactor.BaseTest@7ee8290b]" started-at="2024-05-13T09:32:23 IST" name="testFail" finished-at="2024-05-13T09:32:23 IST" duration-ms="8" status="PASS">
          <reporter-output>
          </reporter-output>
        </test-method> <!-- testFail -->
      </class> <!-- pageFactor.BaseTest -->
      <class name="pageFactor.PageFactoringTest">
        <test-method is-config="true" signature="launchApplication()[pri:0, instance:pageFactor.PageFactoringTest@6a2b953e]" started-at="2024-05-13T09:32:23 IST" name="launchApplication" finished-at="2024-05-13T09:32:27 IST" duration-ms="3641" status="PASS">
          <reporter-output>
          </reporter-output>
        </test-method> <!-- launchApplication -->
        <test-method signature="testFail()[pri:0, instance:pageFactor.PageFactoringTest@6a2b953e]" started-at="2024-05-13T09:32:27 IST" name="testFail" finished-at="2024-05-13T09:32:27 IST" duration-ms="0" status="PASS">
          <reporter-output>
          </reporter-output>
        </test-method> <!-- testFail -->
        <test-method is-config="true" signature="launchApplication()[pri:0, instance:pageFactor.PageFactoringTest@6a2b953e]" started-at="2024-05-13T09:32:27 IST" name="launchApplication" finished-at="2024-05-13T09:32:29 IST" duration-ms="1688" status="PASS">
          <reporter-output>
          </reporter-output>
        </test-method> <!-- launchApplication -->
        <test-method signature="ecommerceTest(java.util.HashMap)[pri:0, instance:pageFactor.PageFactoringTest@6a2b953e]" started-at="2024-05-13T09:32:29 IST" name="ecommerceTest" data-provider="getData" finished-at="2024-05-13T09:32:44 IST" duration-ms="15165" status="PASS">
          <params>
            <param index="0">
              <value>
                <![CDATA[{password=Viji@2024, email=gangasm@gmail.com, productName=IPHONE 13 PRO}]]>
              </value>
            </param>
          </params>
          <reporter-output>
          </reporter-output>
        </test-method> <!-- ecommerceTest -->
        <test-method is-config="true" signature="launchApplication()[pri:0, instance:pageFactor.PageFactoringTest@6a2b953e]" started-at="2024-05-13T09:32:44 IST" name="launchApplication" finished-at="2024-05-13T09:32:50 IST" duration-ms="5581" status="PASS">
          <reporter-output>
          </reporter-output>
        </test-method> <!-- launchApplication -->
        <test-method signature="ecommerceTest(java.util.HashMap)[pri:0, instance:pageFactor.PageFactoringTest@6a2b953e]" started-at="2024-05-13T09:32:50 IST" name="ecommerceTest" data-provider="getData" finished-at="2024-05-13T09:33:01 IST" duration-ms="11355" status="PASS">
          <params>
            <param index="0">
              <value>
                <![CDATA[{password=Viji@2024, email=gangasm@gmail.com, productName=IPHONE 13 PRO}]]>
              </value>
            </param>
          </params>
          <reporter-output>
          </reporter-output>
        </test-method> <!-- ecommerceTest -->
      </class> <!-- pageFactor.PageFactoringTest -->
    </test> <!-- Surefire test -->
  </suite> <!-- Surefire suite -->
</testng-results>
